0 info it worked if it ends with ok
1 verbose cli [ '/usr/local/bin/node',
1 verbose cli   '/usr/local/bin/npm',
1 verbose cli   'install',
1 verbose cli   '-g',
1 verbose cli   'express' ]
2 info using npm@1.4.14
3 info using node@v0.10.29
4 verbose cache add [ 'express', null ]
5 verbose cache add name=undefined spec="express" args=["express",null]
6 verbose parsed url { protocol: null,
6 verbose parsed url   slashes: null,
6 verbose parsed url   auth: null,
6 verbose parsed url   host: null,
6 verbose parsed url   port: null,
6 verbose parsed url   hostname: null,
6 verbose parsed url   hash: null,
6 verbose parsed url   search: null,
6 verbose parsed url   query: null,
6 verbose parsed url   pathname: 'express',
6 verbose parsed url   path: 'express',
6 verbose parsed url   href: 'express' }
7 silly lockFile f3c62de4-express express
8 verbose lock express /home/pi/.npm/f3c62de4-express.lock
9 silly lockFile f3c62de4-express express
10 silly lockFile f3c62de4-express express
11 verbose addNamed [ 'express', '' ]
12 verbose addNamed [ null, '*' ]
13 silly lockFile 64a534c1-express express@
14 verbose lock express@ /home/pi/.npm/64a534c1-express.lock
15 silly addNameRange { name: 'express', range: '*', hasData: false }
16 verbose url raw express
17 verbose url resolving [ 'https://registry.npmjs.org/', './express' ]
18 verbose url resolved https://registry.npmjs.org/express
19 info trying registry request attempt 1 at 10:56:39
20 verbose etag "6LBEPXIMN6Q8TEFWDFU1FOQ6F"
21 http GET https://registry.npmjs.org/express
22 http 304 https://registry.npmjs.org/express
23 silly registry.get cb [ 304,
23 silly registry.get   { date: 'Mon, 18 Aug 2014 14:56:40 GMT',
23 silly registry.get     server: 'Apache',
23 silly registry.get     via: '1.1 varnish',
23 silly registry.get     'last-modified': 'Mon, 18 Aug 2014 14:56:40 GMT',
23 silly registry.get     'cache-control': 'max-age=60',
23 silly registry.get     etag: '"6LBEPXIMN6Q8TEFWDFU1FOQ6F"',
23 silly registry.get     'x-served-by': 'cache-dfw1827-DFW',
23 silly registry.get     'x-cache': 'HIT',
23 silly registry.get     'x-cache-hits': '1',
23 silly registry.get     'x-timer': 'S1408373800.057606,VS0,VE1',
23 silly registry.get     vary: 'Accept',
23 silly registry.get     'content-length': '0',
23 silly registry.get     'keep-alive': 'timeout=10, max=50',
23 silly registry.get     connection: 'Keep-Alive' } ]
24 verbose etag express from cache
25 silly addNameRange number 2 { name: 'express', range: '*', hasData: true }
26 silly addNameRange versions [ 'express',
26 silly addNameRange   [ '0.14.0',
26 silly addNameRange     '0.14.1',
26 silly addNameRange     '1.0.0',
26 silly addNameRange     '1.0.1',
26 silly addNameRange     '1.0.2',
26 silly addNameRange     '1.0.3',
26 silly addNameRange     '1.0.4',
26 silly addNameRange     '1.0.5',
26 silly addNameRange     '1.0.6',
26 silly addNameRange     '1.0.7',
26 silly addNameRange     '1.0.8',
26 silly addNameRange     '2.0.0',
26 silly addNameRange     '2.1.0',
26 silly addNameRange     '2.1.1',
26 silly addNameRange     '2.2.0',
26 silly addNameRange     '2.2.1',
26 silly addNameRange     '2.2.2',
26 silly addNameRange     '2.3.0',
26 silly addNameRange     '2.3.1',
26 silly addNameRange     '2.3.2',
26 silly addNameRange     '2.3.3',
26 silly addNameRange     '2.3.4',
26 silly addNameRange     '2.3.5',
26 silly addNameRange     '2.3.6',
26 silly addNameRange     '2.3.7',
26 silly addNameRange     '2.3.8',
26 silly addNameRange     '2.3.9',
26 silly addNameRange     '2.3.10',
26 silly addNameRange     '2.3.11',
26 silly addNameRange     '2.3.12',
26 silly addNameRange     '2.4.0',
26 silly addNameRange     '2.4.1',
26 silly addNameRange     '2.4.2',
26 silly addNameRange     '2.4.3',
26 silly addNameRange     '2.4.4',
26 silly addNameRange     '2.4.5',
26 silly addNameRange     '2.4.6',
26 silly addNameRange     '2.4.7',
26 silly addNameRange     '2.5.0',
26 silly addNameRange     '2.5.1',
26 silly addNameRange     '2.5.2',
26 silly addNameRange     '2.5.3',
26 silly addNameRange     '2.5.4',
26 silly addNameRange     '2.5.5',
26 silly addNameRange     '2.5.6',
26 silly addNameRange     '2.5.7',
26 silly addNameRange     '2.5.8',
26 silly addNameRange     '2.5.9',
26 silly addNameRange     '2.5.10',
26 silly addNameRange     '2.5.11',
26 silly addNameRange     '3.0.0',
26 silly addNameRange     '3.0.1',
26 silly addNameRange     '3.0.2',
26 silly addNameRange     '3.0.3',
26 silly addNameRange     '3.0.4',
26 silly addNameRange     '3.0.5',
26 silly addNameRange     '3.0.6',
26 silly addNameRange     '3.1.0',
26 silly addNameRange     '3.1.1',
26 silly addNameRange     '3.1.2',
26 silly addNameRange     '3.2.0',
26 silly addNameRange     '3.2.1',
26 silly addNameRange     '3.2.2',
26 silly addNameRange     '3.2.3',
26 silly addNameRange     '3.2.4',
26 silly addNameRange     '3.2.5',
26 silly addNameRange     '3.2.6',
26 silly addNameRange     '3.3.0',
26 silly addNameRange     '3.3.1',
26 silly addNameRange     '3.3.2',
26 silly addNameRange     '3.3.3',
26 silly addNameRange     '3.3.4',
26 silly addNameRange     '3.3.5',
26 silly addNameRange     '3.3.6',
26 silly addNameRange     '1.0.0-beta',
26 silly addNameRange     '1.0.0-beta2',
26 silly addNameRange     '1.0.0-rc',
26 silly addNameRange     '1.0.0-rc2',
26 silly addNameRange     '1.0.0-rc3',
26 silly addNameRange     '1.0.0-rc4',
26 silly addNameRange     '2.0.0-beta',
26 silly addNameRange     '2.0.0-beta2',
26 silly addNameRange     '2.0.0-beta3',
26 silly addNameRange     '2.0.0-rc',
26 silly addNameRange     '2.0.0-rc2',
26 silly addNameRange     '2.0.0-rc3',
26 silly addNameRange     '3.0.0-alpha1',
26 silly addNameRange     '3.0.0-alpha2',
26 silly addNameRange     '3.0.0-alpha3',
26 silly addNameRange     '3.0.0-alpha4',
26 silly addNameRange     '3.0.0-alpha5',
26 silly addNameRange     '3.0.0-beta1',
26 silly addNameRange     '3.0.0-beta2',
26 silly addNameRange     '3.0.0-beta3',
26 silly addNameRange     '3.0.0-beta4',
26 silly addNameRange     '3.0.0-beta6',
26 silly addNameRange     '3.0.0-beta7',
26 silly addNameRange     '3.0.0-rc1',
26 silly addNameRange     '3.0.0-rc2',
26 silly addNameRange     '3.0.0-rc3',
26 silly addNameRange     '3.0.0-rc4',
26 silly addNameRange     '3.0.0-rc5',
26 silly addNameRange     '3.3.7',
26 silly addNameRange     '3.3.8',
26 silly addNameRange     '3.4.0',
26 silly addNameRange     '3.4.1',
26 silly addNameRange     '3.4.2',
26 silly addNameRange     '3.4.3',
26 silly addNameRange     '3.4.4',
26 silly addNameRange     '3.4.5',
26 silly addNameRange     '3.4.6',
26 silly addNameRange     '3.4.7',
26 silly addNameRange     '3.4.8',
26 silly addNameRange     '4.0.0-rc1',
26 silly addNameRange     '4.0.0-rc2',
26 silly addNameRange     '3.5.0',
26 silly addNameRange     '4.0.0-rc3',
26 silly addNameRange     '4.0.0-rc4',
26 silly addNameRange     '3.5.1',
26 silly addNameRange     '4.0.0',
26 silly addNameRange     '3.5.2',
26 silly addNameRange     '4.1.0',
26 silly addNameRange     '4.1.1',
26 silly addNameRange     '3.5.3',
26 silly addNameRange     '4.1.2',
26 silly addNameRange     '3.6.0',
26 silly addNameRange     '4.2.0',
26 silly addNameRange     '3.7.0',
26 silly addNameRange     '3.8.0',
26 silly addNameRange     '4.3.0',
26 silly addNameRange     '4.3.1',
26 silly addNameRange     '3.8.1',
26 silly addNameRange     '4.3.2',
26 silly addNameRange     '3.9.0',
26 silly addNameRange     '4.4.0',
26 silly addNameRange     '4.4.1',
26 silly addNameRange     '3.10.0',
26 silly addNameRange     '3.10.1',
26 silly addNameRange     '3.10.2',
26 silly addNameRange     '3.10.3',
26 silly addNameRange     '3.10.4',
26 silly addNameRange     '4.4.2',
26 silly addNameRange     '3.10.5',
26 silly addNameRange     '4.4.3',
26 silly addNameRange     '3.11.0',
26 silly addNameRange     '4.4.4',
26 silly addNameRange     '3.12.0',
26 silly addNameRange     '3.12.1',
26 silly addNameRange     '4.4.5',
26 silly addNameRange     '3.13.0',
26 silly addNameRange     '4.5.0',
26 silly addNameRange     '4.5.1',
26 silly addNameRange     '3.14.0',
26 silly addNameRange     '4.6.0',
26 silly addNameRange     '4.6.1',
26 silly addNameRange     '3.15.0',
26 silly addNameRange     '4.7.0',
26 silly addNameRange     '3.15.1',
26 silly addNameRange     '4.7.1',
26 silly addNameRange     '3.15.2',
26 silly addNameRange     '4.7.2',
26 silly addNameRange     '4.7.3',
26 silly addNameRange     '3.15.3',
26 silly addNameRange     '4.7.4',
26 silly addNameRange     '3.16.0',
26 silly addNameRange     '4.8.0',
26 silly addNameRange     '3.16.1',
26 silly addNameRange     '4.8.1',
26 silly addNameRange     '3.16.2',
26 silly addNameRange     '4.8.2',
26 silly addNameRange     '3.16.3',
26 silly addNameRange     '3.16.4',
26 silly addNameRange     '4.8.3',
26 silly addNameRange     '3.16.5',
26 silly addNameRange     '3.16.6',
26 silly addNameRange     '4.8.4' ] ]
27 verbose addNamed [ 'express', '4.8.4' ]
28 verbose addNamed [ '4.8.4', '4.8.4' ]
29 silly lockFile 756dfb29-express-4-8-4 express@4.8.4
30 verbose lock express@4.8.4 /home/pi/.npm/756dfb29-express-4-8-4.lock
31 silly lockFile 756dfb29-express-4-8-4 express@4.8.4
32 silly lockFile 756dfb29-express-4-8-4 express@4.8.4
33 silly lockFile 64a534c1-express express@
34 silly lockFile 64a534c1-express express@
35 silly resolved [ { name: 'express',
35 silly resolved     description: 'Fast, unopinionated, minimalist web framework',
35 silly resolved     version: '4.8.4',
35 silly resolved     author: { name: 'TJ Holowaychuk', email: 'tj@vision-media.ca' },
35 silly resolved     contributors:
35 silly resolved      [ [Object],
35 silly resolved        [Object],
35 silly resolved        [Object],
35 silly resolved        [Object],
35 silly resolved        [Object],
35 silly resolved        [Object],
35 silly resolved        [Object] ],
35 silly resolved     keywords:
35 silly resolved      [ 'express',
35 silly resolved        'framework',
35 silly resolved        'sinatra',
35 silly resolved        'web',
35 silly resolved        'rest',
35 silly resolved        'restful',
35 silly resolved        'router',
35 silly resolved        'app',
35 silly resolved        'api' ],
35 silly resolved     repository: { type: 'git', url: 'https://github.com/visionmedia/express' },
35 silly resolved     license: 'MIT',
35 silly resolved     dependencies:
35 silly resolved      { accepts: '~1.0.7',
35 silly resolved        'buffer-crc32': '0.2.3',
35 silly resolved        debug: '1.0.4',
35 silly resolved        depd: '0.4.4',
35 silly resolved        'escape-html': '1.0.1',
35 silly resolved        finalhandler: '0.1.0',
35 silly resolved        'media-typer': '0.2.0',
35 silly resolved        methods: '1.1.0',
35 silly resolved        parseurl: '~1.3.0',
35 silly resolved        'path-to-regexp': '0.1.3',
35 silly resolved        'proxy-addr': '1.0.1',
35 silly resolved        qs: '1.2.2',
35 silly resolved        'range-parser': '1.0.0',
35 silly resolved        send: '0.8.2',
35 silly resolved        'serve-static': '~1.5.2',
35 silly resolved        'type-is': '~1.3.2',
35 silly resolved        vary: '0.1.0',
35 silly resolved        cookie: '0.1.2',
35 silly resolved        fresh: '0.2.2',
35 silly resolved        'cookie-signature': '1.0.4',
35 silly resolved        'merge-descriptors': '0.0.2',
35 silly resolved        'utils-merge': '1.0.0' },
35 silly resolved     devDependencies:
35 silly resolved      { after: '0.8.1',
35 silly resolved        istanbul: '0.3.0',
35 silly resolved        mocha: '~1.21.4',
35 silly resolved        should: '~4.0.4',
35 silly resolved        supertest: '~0.13.0',
35 silly resolved        'connect-redis': '~2.0.0',
35 silly resolved        ejs: '~1.0.0',
35 silly resolved        marked: '0.3.2',
35 silly resolved        hjs: '~0.0.6',
35 silly resolved        'body-parser': '~1.6.4',
35 silly resolved        'cookie-parser': '~1.3.1',
35 silly resolved        'express-session': '~1.7.5',
35 silly resolved        jade: '~1.5.0',
35 silly resolved        'method-override': '~2.1.1',
35 silly resolved        morgan: '~1.2.2',
35 silly resolved        multiparty: '~3.3.2',
35 silly resolved        vhost: '2.0.0' },
35 silly resolved     engines: { node: '>= 0.10.0' },
35 silly resolved     scripts:
35 silly resolved      { prepublish: 'npm prune',
35 silly resolved        test: 'mocha --require test/support/env --reporter spec --bail --check-leaks test/ test/acceptance/',
35 silly resolved        'test-cov': 'istanbul cover node_modules/mocha/bin/_mocha -- --require test/support/env --reporter dot --check-leaks test/ test/acceptance/',
35 silly resolved        'test-travis': 'istanbul cover node_modules/mocha/bin/_mocha --report lcovonly -- --require test/support/env --reporter spec --check-leaks test/ test/acceptance/' },
35 silly resolved     gitHead: '0cf02d4667264cea9682d49941f1242ac6f289df',
35 silly resolved     bugs: { url: 'https://github.com/visionmedia/express/issues' },
35 silly resolved     homepage: 'https://github.com/visionmedia/express',
35 silly resolved     _id: 'express@4.8.4',
35 silly resolved     _shasum: 'b14d432cc1897e10b1915cf9b648f8930deadb0e',
35 silly resolved     _from: 'express@',
35 silly resolved     _npmVersion: '1.4.21',
35 silly resolved     _npmUser: { name: 'dougwilson', email: 'doug@somethingdoug.com' },
35 silly resolved     maintainers:
35 silly resolved      [ [Object],
35 silly resolved        [Object],
35 silly resolved        [Object],
35 silly resolved        [Object],
35 silly resolved        [Object],
35 silly resolved        [Object],
35 silly resolved        [Object] ],
35 silly resolved     dist:
35 silly resolved      { shasum: 'b14d432cc1897e10b1915cf9b648f8930deadb0e',
35 silly resolved        tarball: 'http://registry.npmjs.org/express/-/express-4.8.4.tgz' },
35 silly resolved     directories: {},
35 silly resolved     _resolved: 'https://registry.npmjs.org/express/-/express-4.8.4.tgz',
35 silly resolved     readme: 'ERROR: No README data found!' } ]
36 info install express@4.8.4 into /usr/local/lib
37 info installOne express@4.8.4
38 info /usr/local/lib/node_modules/express unbuild
39 verbose tar unpack /home/pi/.npm/express/4.8.4/package.tgz
40 silly lockFile 365ba7ad-r-local-lib-node-modules-express tar:///usr/local/lib/node_modules/express
41 verbose lock tar:///usr/local/lib/node_modules/express /home/pi/.npm/365ba7ad-r-local-lib-node-modules-express.lock
42 silly lockFile faa25ad8-pi-npm-express-4-8-4-package-tgz tar:///home/pi/.npm/express/4.8.4/package.tgz
43 verbose lock tar:///home/pi/.npm/express/4.8.4/package.tgz /home/pi/.npm/faa25ad8-pi-npm-express-4-8-4-package-tgz.lock
44 silly gunzTarPerm modes [ '755', '644' ]
45 error Error: EACCES, mkdir '/usr/local/lib/node_modules/express'
45 error  { [Error: EACCES, mkdir '/usr/local/lib/node_modules/express']
45 error   errno: 3,
45 error   code: 'EACCES',
45 error   path: '/usr/local/lib/node_modules/express',
45 error   fstream_type: 'Directory',
45 error   fstream_path: '/usr/local/lib/node_modules/express',
45 error   fstream_class: 'DirWriter',
45 error   fstream_stack:
45 error    [ '/usr/local/lib/node_modules/npm/node_modules/fstream/lib/dir-writer.js:36:23',
45 error      '/usr/local/lib/node_modules/npm/node_modules/mkdirp/index.js:37:53',
45 error      'Object.oncomplete (fs.js:107:15)' ] }
46 error Please try running this command again as root/Administrator.
47 error System Linux 3.12.26+
48 error command "/usr/local/bin/node" "/usr/local/bin/npm" "install" "-g" "express"
49 error cwd /home/pi/Node.js-Example
50 error node -v v0.10.29
51 error npm -v 1.4.14
52 error path /usr/local/lib/node_modules/express
53 error fstream_path /usr/local/lib/node_modules/express
54 error fstream_type Directory
55 error fstream_class DirWriter
56 error code EACCES
57 error errno 3
58 error stack Error: EACCES, mkdir '/usr/local/lib/node_modules/express'
59 error fstream_stack /usr/local/lib/node_modules/npm/node_modules/fstream/lib/dir-writer.js:36:23
59 error fstream_stack /usr/local/lib/node_modules/npm/node_modules/mkdirp/index.js:37:53
59 error fstream_stack Object.oncomplete (fs.js:107:15)
60 verbose exit [ 3, true ]
